生成启动时间为 2017/9/26 星期二 上午 9:26:57。
     1>项目“E:\github\net-sniffer\netsniffer\netsniffer.vcxproj”在节点 2 上(Build 个目标)。
     1>ClCompile:
         C:\Program Files (x86)\Microsoft Visual Studio 11.0\VC\bin\CL.exe /c /ZI /nologo /W3 /WX- /sdl /Od /Oy- /D WIN32 /D _WINDOWS /D _DEBUG /D _UNICODE /D UNICODE /D _AFXDLL /Gm /EHsc /RTC1 /MDd /GS /fp:precise /Zc:wchar_t /Zc:forScope /Yc"stdafx.h" /Fp"Debug\netsniffer.pch" /Fo"Debug\\" /Fd"Debug\vc110.pdb" /FR"Debug\\" /Gd /TP /analyze- /errorReport:prompt stdafx.cpp
         stdafx.cpp
         C:\Program Files (x86)\Microsoft Visual Studio 11.0\VC\bin\CL.exe /c /ZI /nologo /W3 /WX- /sdl /Od /Oy- /D WIN32 /D _WINDOWS /D _DEBUG /D _UNICODE /D UNICODE /D _AFXDLL /Gm /EHsc /RTC1 /MDd /GS /fp:precise /Zc:wchar_t /Zc:forScope /Yu"stdafx.h" /Fp"Debug\netsniffer.pch" /Fo"Debug\\" /Fd"Debug\vc110.pdb" /FR"Debug\\" /Gd /TP /analyze- /errorReport:prompt netsniffer.cpp netsnifferDlg.cpp
         netsnifferDlg.cpp
         netsniffer.cpp
         正在生成代码...
       Link:
         C:\Program Files (x86)\Microsoft Visual Studio 11.0\VC\bin\link.exe /ERRORREPORT:PROMPT /OUT:"E:\github\net-sniffer\Debug\netsniffer.exe" /INCREMENTAL /NOLOGO opencv_world330.lib opencv_world330d.lib /MANIFEST /MANIFESTUAC:"level='asInvoker' uiAccess='false'" /manifest:embed /manifestinput:"C:\Program Files (x86)\Microsoft Visual Studio 11.0\VC\Include\Manifest\dpiaware.manifest" /DEBUG /PDB:"E:\github\net-sniffer\Debug\netsniffer.pdb" /SUBSYSTEM:WINDOWS /TLBID:1 /ENTRY:"wWinMainCRTStartup" /DYNAMICBASE /NXCOMPAT /IMPLIB:"E:\github\net-sniffer\Debug\netsniffer.lib" /MACHINE:X86 Debug\netsniffer.res
         Debug\netsniffer.obj
         Debug\netsnifferDlg.obj
         Debug\stdafx.obj
         netsniffer.vcxproj -> E:\github\net-sniffer\Debug\netsniffer.exe
       BscMake:
         C:\Program Files (x86)\Microsoft Visual Studio 11.0\VC\bin\bscmake.exe /nologo /o"E:\github\net-sniffer\Debug\netsniffer.bsc" /n Debug\netsniffer.sbr Debug\netsnifferDlg.sbr Debug\stdafx.sbr
     1>已完成生成项目“E:\github\net-sniffer\netsniffer\netsniffer.vcxproj”(Build 个目标)的操作。

生成成功。

已用时间 00:00:09.11
